<?xml version="1.0" encoding="UTF-8"?>
<testng-results skipped="0" failed="0" ignored="0" total="1" passed="1">
  <reporter-output>
    <line>
      <![CDATA[Starts Test Execution...Chrome]]>
    </line>
    <line>
      <![CDATA[Starts test...testSearchItem]]>
    </line>
    <line>
      <![CDATA[Execution status...1]]>
    </line>
  </reporter-output>
  <suite name="example test suite" duration-ms="39849" started-at="2021-11-26T01:46:14 COT" finished-at="2021-11-26T01:46:54 COT">
    <groups>
    </groups>
    <test name="Chrome" duration-ms="39849" started-at="2021-11-26T01:46:14 COT" finished-at="2021-11-26T01:46:54 COT">
      <class name="com.automation.web.tests.TestSuite">
        <test-method status="PASS" signature="beforeTest(java.lang.String,java.lang.String)[pri:0, instance:com.automation.web.tests.TestSuite@17d677df]" name="beforeTest" is-config="true" duration-ms="12215" started-at="2021-11-26T01:46:14 COT" finished-at="2021-11-26T01:46:26 COT">
          <params>
            <param index="0">
              <value>
                <![CDATA[chrome]]>
              </value>
            </param>
            <param index="1">
              <value>
                <![CDATA[http://automationpractice.com/index.php]]>
              </value>
            </param>
          </params>
          <reporter-output>
          </reporter-output>
        </test-method> <!-- beforeTest -->
        <test-method status="PASS" signature="testSearchItem(com.automation.web.dataProvider.UserData)[pri:0, instance:com.automation.web.tests.TestSuite@17d677df]" name="testSearchItem" duration-ms="26451" started-at="2021-11-26T01:46:26 COT" description="Suite Test" data-provider="UserData" finished-at="2021-11-26T01:46:53 COT">
          <params>
            <param index="0">
              <value>
                <![CDATA[com.automation.web.dataProvider.UserData@5c8504fd]]>
              </value>
            </param>
          </params>
          <reporter-output>
            <line>
              <![CDATA[Starts test...testSearchItem]]>
            </line>
            <line>
              <![CDATA[Execution status...1]]>
            </line>
          </reporter-output>
        </test-method> <!-- testSearchItem -->
        <test-method status="PASS" signature="afterTest()[pri:0, instance:com.automation.web.tests.TestSuite@17d677df]" name="afterTest" is-config="true" duration-ms="1122" started-at="2021-11-26T01:46:53 COT" finished-at="2021-11-26T01:46:54 COT">
          <reporter-output>
          </reporter-output>
        </test-method> <!-- afterTest -->
      </class> <!-- com.automation.web.tests.TestSuite -->
    </test> <!-- Chrome -->
  </suite> <!-- example test suite -->
</testng-results>
